1630396042389	geckodriver	INFO	Listening on 127.0.0.1:54426
1630396045423	mozrunner::runner	INFO	Running command: "C:\\Program Files\\Mozilla Firefox\\firefox.exe" "--marionette" "-foreground" "-no-remote" "-profile" "C:\\Users\\ADMINI~1\\AppData\\Local\\Temp\\rust_mozprofileoTETOp"
1630396111191	geckodriver	INFO	Listening on 127.0.0.1:64950
1630396114236	mozrunner::runner	INFO	Running command: "C:\\Program Files\\Mozilla Firefox\\firefox.exe" "--marionette" "-foreground" "-no-remote" "-profile" "C:\\Users\\ADMINI~1\\AppData\\Local\\Temp\\rust_mozprofileI9uHuj"
1630396115588	Marionette	INFO	Marionette enabled
console.warn: SearchSettings: "get: No settings file exists, new profile?" (new NotFoundError("Could not open the file at C:\\Users\\Administrator\\AppData\\Local\\Temp\\rust_mozprofileI9uHuj\\search.json.mozlz4", (void 0)))
1630396118815	Marionette	INFO	Listening on port 64963
1630396119094	RemoteAgent	WARN	TLS certificate errors will be ignored for this session
1630396126751	Marionette	INFO	Stopped listening on port 64963
JavaScript error: resource:///modules/Interactions.jsm, line 209: NS_ERROR_FAILURE: Component returned failure code: 0x80004005 (NS_ERROR_FAILURE) [nsIUserIdleService.removeIdleObserver]

###!!! [Parent][RunMessage] Error: Channel closing: too late to send/recv, messages will be lost

1630396128882	geckodriver	INFO	Listening on 127.0.0.1:59614
1630396131931	mozrunner::runner	INFO	Running command: "C:\\Program Files\\Mozilla Firefox\\firefox.exe" "--marionette" "-foreground" "-no-remote" "-profile" "C:\\Users\\ADMINI~1\\AppData\\Local\\Temp\\rust_mozprofilexAYInS"
1630396133268	Marionette	INFO	Marionette enabled
console.warn: SearchSettings: "get: No settings file exists, new profile?" (new NotFoundError("Could not open the file at C:\\Users\\Administrator\\AppData\\Local\\Temp\\rust_mozprofilexAYInS\\search.json.mozlz4", (void 0)))
1630396136367	Marionette	INFO	Listening on port 59623
1630396136760	RemoteAgent	WARN	TLS certificate errors will be ignored for this session
1630396140128	Marionette	INFO	Stopped listening on port 59623
JavaScript error: resource:///modules/Interactions.jsm, line 209: NS_ERROR_FAILURE: Component returned failure code: 0x80004005 (NS_ERROR_FAILURE) [nsIUserIdleService.removeIdleObserver]

###!!! [Parent][RunMessage] Error: Channel closing: too late to send/recv, messages will be lost

1630402826621	geckodriver	INFO	Listening on 127.0.0.1:60660
1630402829686	mozrunner::runner	INFO	Running command: "C:\\Program Files\\Mozilla Firefox\\firefox.exe" "--marionette" "-foreground" "-no-remote" "-profile" "C:\\Users\\ADMINI~1\\AppData\\Local\\Temp\\rust_mozprofile7uJ5Ae"
1630402831625	Marionette	INFO	Marionette enabled
console.warn: SearchSettings: "get: No settings file exists, new profile?" (new NotFoundError("Could not open the file at C:\\Users\\Administrator\\AppData\\Local\\Temp\\rust_mozprofile7uJ5Ae\\search.json.mozlz4", (void 0)))
1630402835178	Marionette	INFO	Listening on port 60670
1630402835595	RemoteAgent	WARN	TLS certificate errors will be ignored for this session
1630402837575	Marionette	INFO	Stopped listening on port 60670
JavaScript error: resource:///modules/Interactions.jsm, line 209: NS_ERROR_FAILURE: Component returned failure code: 0x80004005 (NS_ERROR_FAILURE) [nsIUserIdleService.removeIdleObserver]

###!!! [Parent][RunMessage] Error: Channel closing: too late to send/recv, messages will be lost

1630402862439	geckodriver	INFO	Listening on 127.0.0.1:60728
1630402865498	mozrunner::runner	INFO	Running command: "C:\\Program Files\\Mozilla Firefox\\firefox.exe" "--marionette" "-foreground" "-no-remote" "-profile" "C:\\Users\\ADMINI~1\\AppData\\Local\\Temp\\rust_mozprofileNAsauZ"
1630402866907	Marionette	INFO	Marionette enabled
console.warn: SearchSettings: "get: No settings file exists, new profile?" (new NotFoundError("Could not open the file at C:\\Users\\Administrator\\AppData\\Local\\Temp\\rust_mozprofileNAsauZ\\search.json.mozlz4", (void 0)))
1630402870116	Marionette	INFO	Listening on port 60738
1630402870325	RemoteAgent	WARN	TLS certificate errors will be ignored for this session
console.warn: "Resource  of root-node was not found."
console.warn: "Already stopped listening to server sent events for this window."
1630402931823	Marionette	INFO	Stopped listening on port 60738
JavaScript error: resource:///modules/Interactions.jsm, line 209: NS_ERROR_FAILURE: Component returned failure code: 0x80004005 (NS_ERROR_FAILURE) [nsIUserIdleService.removeIdleObserver]

###!!! [Parent][RunMessage] Error: Channel closing: too late to send/recv, messages will be lost

1630637867943	geckodriver	INFO	Listening on 127.0.0.1:52631
1630637870994	mozrunner::runner	INFO	Running command: "C:\\Program Files\\Mozilla Firefox\\firefox.exe" "--marionette" "-foreground" "-no-remote" "-profile" "C:\\Users\\ADMINI~1\\AppData\\Local\\Temp\\rust_mozprofileFBW19X"
1630637872330	Marionette	INFO	Marionette enabled
console.warn: SearchSettings: "get: No settings file exists, new profile?" (new NotFoundError("Could not open the file at C:\\Users\\Administrator\\AppData\\Local\\Temp\\rust_mozprofileFBW19X\\search.json.mozlz4", (void 0)))
1630637875369	Marionette	INFO	Listening on port 52641
1630637875837	RemoteAgent	WARN	TLS certificate errors will be ignored for this session
console.log: WebExtensions: reset-default-search: starting.
console.log: WebExtensions: reset-default-search: No addons in our list are installed.
1630648532019	Marionette	INFO	Stopped listening on port 52641
JavaScript error: resource:///modules/Interactions.jsm, line 209: NS_ERROR_FAILURE: Component returned failure code: 0x80004005 (NS_ERROR_FAILURE) [nsIUserIdleService.removeIdleObserver]

###!!! [Parent][RunMessage] Error: Channel closing: too late to send/recv, messages will be lost

